<?xml version="1.0" ?>
<coverage branch-rate="0.95" branches-covered="19" branches-valid="20" complexity="0" line-rate="1" lines-covered="74" lines-valid="74" timestamp="1581908739201" version="4.5.1">
	<!-- Generated by coverage.py: https://coverage.readthedocs.io -->
	<!-- Based on https://raw.githubusercontent.com/cobertura/web/master/htdocs/xml/coverage-04.dtd -->
	<sources>
		<source>C:\dl\Dropbox\mat-dir\myapps\pypi-projects\sogou-tr-async-free\sogou_tr_async</source>
	</sources>
	<packages>
		<package branch-rate="0.95" complexity="0" line-rate="1" name=".">
			<classes>
				<class branch-rate="1" complexity="0" filename="__init__.py" line-rate="1" name="__init__.py">
					<methods/>
					<lines>
						<line hits="1" number="2"/>
						<line hits="1" number="3"/>
						<line hits="1" number="7"/>
						<line hits="1" number="8"/>
					</lines>
				</class>
				<class branch-rate="1" complexity="0" filename="get_snuid.py" line-rate="1" name="get_snuid.py">
					<methods/>
					<lines>
						<line hits="1" number="8"/>
						<line hits="1" number="9"/>
						<line hits="1" number="11"/>
						<line hits="1" number="14"/>
						<line hits="1" number="24"/>
						<line hits="1" number="26"/>
						<line hits="1" number="31"/>
						<line hits="1" number="33"/>
						<line hits="1" number="34"/>
						<line hits="1" number="38"/>
					</lines>
				</class>
				<class branch-rate="0.95" complexity="0" filename="sogou_tr_async.py" line-rate="1" name="sogou_tr_async.py">
					<methods/>
					<lines>
						<line hits="1" number="5"/>
						<line hits="1" number="7"/>
						<line hits="1" number="8"/>
						<line hits="1" number="10"/>
						<line hits="1" number="12"/>
						<line hits="1" number="14"/>
						<line hits="1" number="16"/>
						<line hits="1" number="17"/>
						<line hits="1" number="18"/>
						<line hits="1" number="20"/>
						<line hits="1" number="21"/>
						<line hits="1" number="23"/>
						<line hits="1" number="24"/>
						<line hits="1" number="32"/>
						<line hits="1" number="34"/>
						<line hits="1" number="42"/>
						<line hits="1" number="57"/>
						<line hits="1" number="59"/>
						<line branch="true" condition-coverage="100% (2/2)" hits="1" number="60"/>
						<line hits="1" number="61"/>
						<line hits="1" number="62"/>
						<line hits="1" number="63"/>
						<line hits="1" number="66"/>
						<line hits="1" number="67"/>
						<line hits="1" number="77"/>
						<line hits="1" number="78"/>
						<line branch="true" condition-coverage="100% (2/2)" hits="1" number="83"/>
						<line hits="1" number="84"/>
						<line hits="1" number="87"/>
						<line hits="1" number="88"/>
						<line branch="true" condition-coverage="100% (2/2)" hits="1" number="90"/>
						<line hits="1" number="91"/>
						<line branch="true" condition-coverage="100% (2/2)" hits="1" number="93"/>
						<line hits="1" number="94"/>
						<line branch="true" condition-coverage="100% (2/2)" hits="1" number="95"/>
						<line hits="1" number="96"/>
						<line branch="true" condition-coverage="50% (1/2)" hits="1" missing-branches="104" number="98"/>
						<line branch="true" condition-coverage="100% (2/2)" hits="1" number="99"/>
						<line hits="1" number="100"/>
						<line branch="true" condition-coverage="100% (2/2)" hits="1" number="101"/>
						<line hits="1" number="102"/>
						<line branch="true" condition-coverage="100% (2/2)" hits="1" number="104"/>
						<line hits="1" number="105"/>
						<line hits="1" number="106"/>
						<line hits="1" number="108"/>
						<line hits="1" number="109"/>
						<line hits="1" number="110"/>
						<line hits="1" number="112"/>
						<line hits="1" number="113"/>
						<line hits="1" number="128"/>
						<line hits="1" number="129"/>
						<line hits="1" number="133"/>
						<line hits="1" number="134"/>
						<line hits="1" number="141"/>
						<line hits="1" number="151"/>
						<line hits="1" number="153"/>
						<line hits="1" number="156"/>
						<line branch="true" condition-coverage="100% (2/2)" hits="1" number="161"/>
						<line hits="1" number="162"/>
						<line hits="1" number="164"/>
					</lines>
				</class>
			</classes>
		</package>
	</packages>
</coverage>
